Obtaining file:///home/linmin001/openretro/models/gln_model
Requirement already satisfied: torch in /home/linmin001/.conda/envs/openretro_cu102/lib/python3.6/site-packages (from gln==0.0.0) (1.6.0)
Requirement already satisfied: future in /home/linmin001/.conda/envs/openretro_cu102/lib/python3.6/site-packages (from torch->gln==0.0.0) (0.18.2)
Requirement already satisfied: numpy in /home/linmin001/.local/lib/python3.6/site-packages (from torch->gln==0.0.0) (1.19.2)
Installing collected packages: gln
  Running setup.py develop for gln
    ERROR: Command errored out with exit status 1:
     command: /home/linmin001/.conda/envs/openretro_cu102/bin/python -c 'import sys, setuptools, tokenize; sys.argv[0] = '"'"'/home/linmin001/openretro/models/gln_model/setup.py'"'"'; __file__='"'"'/home/linmin001/openretro/models/gln_model/setup.py'"'"';f=getattr(tokenize, '"'"'open'"'"', open)(__file__);code=f.read().replace('"'"'\r\n'"'"', '"'"'\n'"'"');f.close();exec(compile(code, __file__, '"'"'exec'"'"'))' develop --no-deps
         cwd: /home/linmin001/openretro/models/gln_model/
    Complete output (107 lines):
    Cuda is available
    running develop
    make: Nothing to be done for `all'.
    running egg_info
    writing gln.egg-info/PKG-INFO
    writing dependency_links to gln.egg-info/dependency_links.txt
    writing requirements to gln.egg-info/requires.txt
    writing top-level names to gln.egg-info/top_level.txt
    file gln.py (for module gln) not found
    reading manifest file 'gln.egg-info/SOURCES.txt'
    writing manifest file 'gln.egg-info/SOURCES.txt'
    running build_ext
    building 'extlib' extension
    Emitting ninja build file /home/linmin001/openretro/models/gln_model/build/temp.linux-x86_64-3.6/build.ninja...
    Compiling objects...
    Allowing ninja to set a default number of workers... (overridable by setting the environment variable MAX_JOBS=N)
    /home/linmin001/.conda/envs/openretro_cu102/lib/python3.6/site-packages/torch/utils/cpp_extension.py:277: UserWarning:
    
                                   !! WARNING !!
    
    !!!!!!!!!!!!!!!!!!!!!!!!!!!!!!!!!!!!!!!!!!!!!!!!!!!!!!!!!!!!!!!!!!!!!!!!!!!!!!!
    Your compiler (g++ 4.8.5) may be ABI-incompatible with PyTorch!
    Please use a compiler that is ABI-compatible with GCC 5.0 and above.
    See https://gcc.gnu.org/onlinedocs/libstdc++/manual/abi.html.
    
    See https://gist.github.com/goldsborough/d466f43e8ffc948ff92de7486c5216d6
    for instructions on how to install GCC 5 or higher.
    !!!!!!!!!!!!!!!!!!!!!!!!!!!!!!!!!!!!!!!!!!!!!!!!!!!!!!!!!!!!!!!!!!!!!!!!!!!!!!!
    
                                  !! WARNING !!
    
      warnings.warn(ABI_INCOMPATIBILITY_WARNING.format(compiler))
    /home/linmin001/.conda/envs/openretro_cu102/lib/python3.6/site-packages/torch/utils/cpp_extension.py:252: UserWarning:
    
                                   !! WARNING !!
    
    !!!!!!!!!!!!!!!!!!!!!!!!!!!!!!!!!!!!!!!!!!!!!!!!!!!!!!!!!!!!!!!!!!!!!!!!!!!!!!!
    Your compiler (c++) is not compatible with the compiler Pytorch was
    built with for this platform, which is g++ on linux. Please
    use g++ to to compile your extension. Alternatively, you may
    compile PyTorch from source using c++, and then you can also use
    c++ to compile your extension.
    
    See https://github.com/pytorch/pytorch/blob/master/CONTRIBUTING.md for help
    with compiling PyTorch from source.
    !!!!!!!!!!!!!!!!!!!!!!!!!!!!!!!!!!!!!!!!!!!!!!!!!!!!!!!!!!!!!!!!!!!!!!!!!!!!!!!
    
                                  !! WARNING !!
    
      platform=sys.platform))
    [1/1] c++ -MMD -MF /home/linmin001/openretro/models/gln_model/build/temp.linux-x86_64-3.6/gln/mods/torchext/src/extlib.o.d -pthread -B /home/linmin001/.conda/envs/openretro_cu102/compiler_compat -Wl,--sysroot=/ -Wsign-compare -DNDEBUG -g -fwrapv -O3 -Wall -Wstrict-prototypes -fPIC -I/home/linmin001/.conda/envs/openretro_cu102/lib/python3.6/site-packages/torch/include -I/home/linmin001/.conda/envs/openretro_cu102/lib/python3.6/site-packages/torch/include/torch/csrc/api/include -I/home/linmin001/.conda/envs/openretro_cu102/lib/python3.6/site-packages/torch/include/TH -I/home/linmin001/.conda/envs/openretro_cu102/lib/python3.6/site-packages/torch/include/THC -I/home/linmin001/.conda/envs/openretro_cu102/include/python3.6m -c -c /home/linmin001/openretro/models/gln_model/gln/mods/torchext/src/extlib.cpp -o /home/linmin001/openretro/models/gln_model/build/temp.linux-x86_64-3.6/gln/mods/torchext/src/extlib.o -fopenmp -DTORCH_API_INCLUDE_EXTENSION_H -DTORCH_EXTENSION_NAME=extlib -D_GLIBCXX_USE_CXX11_ABI=0 -std=c++14
    FAILED: /home/linmin001/openretro/models/gln_model/build/temp.linux-x86_64-3.6/gln/mods/torchext/src/extlib.o
    c++ -MMD -MF /home/linmin001/openretro/models/gln_model/build/temp.linux-x86_64-3.6/gln/mods/torchext/src/extlib.o.d -pthread -B /home/linmin001/.conda/envs/openretro_cu102/compiler_compat -Wl,--sysroot=/ -Wsign-compare -DNDEBUG -g -fwrapv -O3 -Wall -Wstrict-prototypes -fPIC -I/home/linmin001/.conda/envs/openretro_cu102/lib/python3.6/site-packages/torch/include -I/home/linmin001/.conda/envs/openretro_cu102/lib/python3.6/site-packages/torch/include/torch/csrc/api/include -I/home/linmin001/.conda/envs/openretro_cu102/lib/python3.6/site-packages/torch/include/TH -I/home/linmin001/.conda/envs/openretro_cu102/lib/python3.6/site-packages/torch/include/THC -I/home/linmin001/.conda/envs/openretro_cu102/include/python3.6m -c -c /home/linmin001/openretro/models/gln_model/gln/mods/torchext/src/extlib.cpp -o /home/linmin001/openretro/models/gln_model/build/temp.linux-x86_64-3.6/gln/mods/torchext/src/extlib.o -fopenmp -DTORCH_API_INCLUDE_EXTENSION_H -DTORCH_EXTENSION_NAME=extlib -D_GLIBCXX_USE_CXX11_ABI=0 -std=c++14
    c++: error: unrecognized command line option ‘-std=c++14’
    ninja: build stopped: subcommand failed.
    Traceback (most recent call last):
      File "/home/linmin001/.conda/envs/openretro_cu102/lib/python3.6/site-packages/torch/utils/cpp_extension.py", line 1515, in _run_ninja_build
        env=env)
      File "/home/linmin001/.conda/envs/openretro_cu102/lib/python3.6/subprocess.py", line 438, in run
        output=stdout, stderr=stderr)
    subprocess.CalledProcessError: Command '['ninja', '-v']' returned non-zero exit status 1.
    
    During handling of the above exception, another exception occurred:
    
    Traceback (most recent call last):
      File "<string>", line 1, in <module>
      File "/home/linmin001/openretro/models/gln_model/setup.py", line 63, in <module>
        'build_ext': BuildExtension,
      File "/home/linmin001/.conda/envs/openretro_cu102/lib/python3.6/site-packages/setuptools/__init__.py", line 153, in setup
        return distutils.core.setup(**attrs)
      File "/home/linmin001/.conda/envs/openretro_cu102/lib/python3.6/distutils/core.py", line 148, in setup
        dist.run_commands()
      File "/home/linmin001/.conda/envs/openretro_cu102/lib/python3.6/distutils/dist.py", line 955, in run_commands
        self.run_command(cmd)
      File "/home/linmin001/.conda/envs/openretro_cu102/lib/python3.6/distutils/dist.py", line 974, in run_command
        cmd_obj.run()
      File "/home/linmin001/openretro/models/gln_model/setup.py", line 50, in run
        super().run()
      File "/home/linmin001/.conda/envs/openretro_cu102/lib/python3.6/site-packages/setuptools/command/develop.py", line 34, in run
        self.install_for_development()
      File "/home/linmin001/.conda/envs/openretro_cu102/lib/python3.6/site-packages/setuptools/command/develop.py", line 136, in install_for_development
        self.run_command('build_ext')
      File "/home/linmin001/.conda/envs/openretro_cu102/lib/python3.6/distutils/cmd.py", line 313, in run_command
        self.distribution.run_command(command)
      File "/home/linmin001/.conda/envs/openretro_cu102/lib/python3.6/distutils/dist.py", line 974, in run_command
        cmd_obj.run()
      File "/home/linmin001/.conda/envs/openretro_cu102/lib/python3.6/site-packages/setuptools/command/build_ext.py", line 79, in run
        _build_ext.run(self)
      File "/home/linmin001/.conda/envs/openretro_cu102/lib/python3.6/distutils/command/build_ext.py", line 339, in run
        self.build_extensions()
      File "/home/linmin001/.conda/envs/openretro_cu102/lib/python3.6/site-packages/torch/utils/cpp_extension.py", line 649, in build_extensions
        build_ext.build_extensions(self)
      File "/home/linmin001/.conda/envs/openretro_cu102/lib/python3.6/distutils/command/build_ext.py", line 448, in build_extensions
        self._build_extensions_serial()
      File "/home/linmin001/.conda/envs/openretro_cu102/lib/python3.6/distutils/command/build_ext.py", line 473, in _build_extensions_serial
        self.build_extension(ext)
      File "/home/linmin001/.conda/envs/openretro_cu102/lib/python3.6/site-packages/setuptools/command/build_ext.py", line 196, in build_extension
        _build_ext.build_extension(self, ext)
      File "/home/linmin001/.conda/envs/openretro_cu102/lib/python3.6/distutils/command/build_ext.py", line 533, in build_extension
        depends=ext.depends)
      File "/home/linmin001/.conda/envs/openretro_cu102/lib/python3.6/site-packages/torch/utils/cpp_extension.py", line 478, in unix_wrap_ninja_compile
        with_cuda=with_cuda)
      File "/home/linmin001/.conda/envs/openretro_cu102/lib/python3.6/site-packages/torch/utils/cpp_extension.py", line 1233, in _write_ninja_file_and_compile_objects
        error_prefix='Error compiling objects for extension')
      File "/home/linmin001/.conda/envs/openretro_cu102/lib/python3.6/site-packages/torch/utils/cpp_extension.py", line 1529, in _run_ninja_build
        raise RuntimeError(message)
    RuntimeError: Error compiling objects for extension
    ----------------------------------------
ERROR: Command errored out with exit status 1: /home/linmin001/.conda/envs/openretro_cu102/bin/python -c 'import sys, setuptools, tokenize; sys.argv[0] = '"'"'/home/linmin001/openretro/models/gln_model/setup.py'"'"'; __file__='"'"'/home/linmin001/openretro/models/gln_model/setup.py'"'"';f=getattr(tokenize, '"'"'open'"'"', open)(__file__);code=f.read().replace('"'"'\r\n'"'"', '"'"'\n'"'"');f.close();exec(compile(code, __file__, '"'"'exec'"'"'))' develop --no-deps Check the logs for full command output.
